<?xml version="1.0" encoding="UTF-8"?>
<!-- Generated by org.testng.reporters.JUnitReportReporter -->
<testsuite skipped="0" hostname="DESKTOP-NA1O9A8" name="com.snapdeal.scripts.TestScript" tests="2" failures="0" timestamp="2021-07-24T14:19:30 IST" time="74.776" errors="0">
  <testcase name="test" time="15.289" classname="com.snapdeal.scripts.TestScript"/>
  <system-out/>
  <testcase name="test" time="59.487" classname="com.snapdeal.scripts.TestScript"/>
  <system-out/>
</testsuite> <!-- com.snapdeal.scripts.TestScript -->
